<?xml version="1.0" encoding="UTF-8"?>
<testng-results skipped="0" failed="1" ignored="0" total="1" passed="0">
  <reporter-output>
  </reporter-output>
  <suite name="com.sudipa.qaautomation.TestGmail" duration-ms="17761" started-at="2022-04-02T17:25:55 IST" finished-at="2022-04-02T17:26:13 IST">
    <groups>
    </groups>
    <test name="Command line test" duration-ms="17761" started-at="2022-04-02T17:25:55 IST" finished-at="2022-04-02T17:26:13 IST">
      <class name="com.sudipa.qaautomation.TestGmail">
        <test-method status="PASS" signature="launchBrowser()[pri:0, instance:com.sudipa.qaautomation.TestGmail@2fc6f97f]" name="launchBrowser" is-config="true" duration-ms="1849" started-at="2022-04-02T17:25:55 IST" finished-at="2022-04-02T17:25:57 IST">
          <reporter-output>
          </reporter-output>
        </test-method> <!-- launchBrowser -->
        <test-method status="FAIL" signature="testGmail()[pri:0, instance:com.sudipa.qaautomation.TestGmail@2fc6f97f]" name="testGmail" duration-ms="15771" started-at="2022-04-02T17:25:57 IST" finished-at="2022-04-02T17:26:13 IST">
          <exception class="org.openqa.selenium.TimeoutException">
            <message>
              <![CDATA[Expected condition failed: waiting for title to contain "automationt691". Current title: "Gmail" (tried for 10 second(s) with 500 milliseconds interval)
Build info: version: '4.1.3', revision: '7b1ebf28ef'
System info: host: 'Sudipas-MacBook-Pro.local', ip: 'fe80:0:0:0:18ad:446f:45a1:3214%en0', os.name: 'Mac OS X', os.arch: 'aarch64', os.version: '12.1', java.version: '1.8.0_292'
Driver info: org.openqa.selenium.chrome.ChromeDriver
Capabilities {acceptInsecureCerts: false, browserName: chrome, browserVersion: 99.0.4844.84, chrome: {chromedriverVersion: 98.0.4758.102 (273bf7ac8c90..., userDataDir: /var/folders/xv/r74j6l0544s...}, goog:chromeOptions: {debuggerAddress: localhost:63838}, javascriptEnabled: true, networkConnectionEnabled: false, pageLoadStrategy: normal, platform: MAC, platformName: MAC, proxy: Proxy(), se:cdp: ws://localhost:63838/devtoo..., se:cdpVersion: 99.0.4844.84, setWindowRect: true, strictFileInteractability: false, timeouts: {implicit: 0, pageLoad: 300000, script: 30000}, unhandledPromptBehavior: dismiss and notify, webauthn:extension:credBlob: true, webauthn:extension:largeBlob: true, webauthn:virtualAuthenticators: true}
Session ID: 010d0a642ad8212d8c0343b59198956d]]>
            </message>
            <full-stacktrace>
              <![CDATA[org.openqa.selenium.TimeoutException: Expected condition failed: waiting for title to contain "automationt691". Current title: "Gmail" (tried for 10 second(s) with 500 milliseconds interval)
Build info: version: '4.1.3', revision: '7b1ebf28ef'
System info: host: 'Sudipas-MacBook-Pro.local', ip: 'fe80:0:0:0:18ad:446f:45a1:3214%en0', os.name: 'Mac OS X', os.arch: 'aarch64', os.version: '12.1', java.version: '1.8.0_292'
Driver info: org.openqa.selenium.chrome.ChromeDriver
Capabilities {acceptInsecureCerts: false, browserName: chrome, browserVersion: 99.0.4844.84, chrome: {chromedriverVersion: 98.0.4758.102 (273bf7ac8c90..., userDataDir: /var/folders/xv/r74j6l0544s...}, goog:chromeOptions: {debuggerAddress: localhost:63838}, javascriptEnabled: true, networkConnectionEnabled: false, pageLoadStrategy: normal, platform: MAC, platformName: MAC, proxy: Proxy(), se:cdp: ws://localhost:63838/devtoo..., se:cdpVersion: 99.0.4844.84, setWindowRect: true, strictFileInteractability: false, timeouts: {implicit: 0, pageLoad: 300000, script: 30000}, unhandledPromptBehavior: dismiss and notify, webauthn:extension:credBlob: true, webauthn:extension:largeBlob: true, webauthn:virtualAuthenticators: true}
Session ID: 010d0a642ad8212d8c0343b59198956d
at org.openqa.selenium.support.ui.WebDriverWait.timeoutException(WebDriverWait.java:87)
at org.openqa.selenium.support.ui.FluentWait.until(FluentWait.java:231)
at com.sudipa.qaautomation.pages.GoogleAccountPage.login(GoogleAccountPage.java:34)
at com.sudipa.qaautomation.TestGmail.testGmail(TestGmail.java:20)
at sun.reflect.NativeMethodAccessorImpl.invoke0(Native Method)
at sun.reflect.NativeMethodAccessorImpl.invoke(NativeMethodAccessorImpl.java:62)
at sun.reflect.DelegatingMethodAccessorImpl.invoke(DelegatingMethodAccessorImpl.java:43)
at java.lang.reflect.Method.invoke(Method.java:498)
at org.testng.internal.invokers.MethodInvocationHelper.invokeMethod(MethodInvocationHelper.java:135)
at org.testng.internal.invokers.TestInvoker.invokeMethod(TestInvoker.java:673)
at org.testng.internal.invokers.TestInvoker.invokeTestMethod(TestInvoker.java:220)
at org.testng.internal.invokers.MethodRunner.runInSequence(MethodRunner.java:50)
at org.testng.internal.invokers.TestInvoker$MethodInvocationAgent.invoke(TestInvoker.java:945)
at org.testng.internal.invokers.TestInvoker.invokeTestMethods(TestInvoker.java:193)
at org.testng.internal.invokers.TestMethodWorker.invokeTestMethods(TestMethodWorker.java:146)
at org.testng.internal.invokers.TestMethodWorker.run(TestMethodWorker.java:128)
at java.util.ArrayList.forEach(ArrayList.java:1259)
at org.testng.TestRunner.privateRun(TestRunner.java:808)
at org.testng.TestRunner.run(TestRunner.java:603)
at org.testng.SuiteRunner.runTest(SuiteRunner.java:429)
at org.testng.SuiteRunner.runSequentially(SuiteRunner.java:423)
at org.testng.SuiteRunner.privateRun(SuiteRunner.java:383)
at org.testng.SuiteRunner.run(SuiteRunner.java:326)
at org.testng.SuiteRunnerWorker.runSuite(SuiteRunnerWorker.java:52)
at org.testng.SuiteRunnerWorker.run(SuiteRunnerWorker.java:95)
at org.testng.TestNG.runSuitesSequentially(TestNG.java:1249)
at org.testng.TestNG.runSuitesLocally(TestNG.java:1169)
at org.testng.TestNG.runSuites(TestNG.java:1092)
at org.testng.TestNG.run(TestNG.java:1060)
at org.apache.maven.surefire.testng.TestNGExecutor.run(TestNGExecutor.java:77)
at org.apache.maven.surefire.testng.TestNGDirectoryTestSuite.execute(TestNGDirectoryTestSuite.java:110)
at org.apache.maven.surefire.testng.TestNGProvider.invoke(TestNGProvider.java:106)
at sun.reflect.NativeMethodAccessorImpl.invoke0(Native Method)
at sun.reflect.NativeMethodAccessorImpl.invoke(NativeMethodAccessorImpl.java:62)
at sun.reflect.DelegatingMethodAccessorImpl.invoke(DelegatingMethodAccessorImpl.java:43)
at java.lang.reflect.Method.invoke(Method.java:498)
at org.apache.maven.surefire.util.ReflectionUtils.invokeMethodWithArray(ReflectionUtils.java:189)
at org.apache.maven.surefire.booter.ProviderFactory$ProviderProxy.invoke(ProviderFactory.java:165)
at org.apache.maven.surefire.booter.ProviderFactory.invokeProvider(ProviderFactory.java:85)
at org.apache.maven.surefire.booter.ForkedBooter.runSuitesInProcess(ForkedBooter.java:115)
at org.apache.maven.surefire.booter.ForkedBooter.main(ForkedBooter.java:75)
]]>
            </full-stacktrace>
          </exception> <!-- org.openqa.selenium.TimeoutException -->
          <reporter-output>
          </reporter-output>
        </test-method> <!-- testGmail -->
        <test-method status="PASS" signature="quitDriver()[pri:0, instance:com.sudipa.qaautomation.TestGmail@2fc6f97f]" name="quitDriver" is-config="true" duration-ms="111" started-at="2022-04-02T17:26:13 IST" finished-at="2022-04-02T17:26:13 IST">
          <reporter-output>
          </reporter-output>
        </test-method> <!-- quitDriver -->
      </class> <!-- com.sudipa.qaautomation.TestGmail -->
    </test> <!-- Command line test -->
  </suite> <!-- com.sudipa.qaautomation.TestGmail -->
</testng-results>
